<?xml version="1.0" encoding="UTF-8"?>
<!-- Generated by org.testng.reporters.JUnitReportReporter -->
<testsuite hostname="oshchegula" name="com.workshop.tests.FacebookTest" tests="1" failures="0" timestamp="1 Aug 2014 09:10:25 GMT" time="5.965" errors="0">
  <testcase name="loginAndSaveCookiesTest" time="5.965" classname="com.workshop.tests.FacebookTest"/>
</testsuite> <!-- com.workshop.tests.FacebookTest -->
