<?xml version="1.0" encoding="UTF-8"?>
<!-- Generated by org.testng.reporters.JUnitReportReporter -->
<testsuite hostname="Home" name="com.workshop.MyTest" tests="1" failures="0" timestamp="21 Jun 2014 09:37:50 GMT" time="0.015" errors="0">
  <testcase name="fillTieldsTest" time="0.015" classname="com.workshop.MyTest"/>
</testsuite> <!-- com.workshop.MyTest -->
