<?xml version="1.0" encoding="UTF-8"?>
<!-- Generated by org.testng.reporters.JUnitReportReporter -->
<testsuite hostname="oshchegula" name="com.workshop.tests.FacebookTest" tests="1" failures="0" timestamp="1 Aug 2014 13:42:03 GMT" time="7.893" errors="0">
  <testcase name="loginAndSaveCookiesTest" time="7.893" classname="com.workshop.tests.FacebookTest"/>
</testsuite> <!-- com.workshop.tests.FacebookTest -->
