<?xml version="1.0" encoding="UTF-8"?>
<!-- Generated by org.testng.reporters.JUnitReportReporter -->
<testsuite hostname="oshchegula" name="com.workshop.tests.GoogleTest" tests="1" failures="0" timestamp="31 Jul 2014 09:32:39 GMT" time="3.763" errors="0">
  <testcase name="googleSearchTest" time="3.763" classname="com.workshop.tests.GoogleTest"/>
</testsuite> <!-- com.workshop.tests.GoogleTest -->
